<?xml version='1.0' encoding='UTF-8'?>
<testsuite hostname="SC03-SN236" name="mocks.LoginServiceTests" tests="1" errors="0" failures="0" skipped="0" time="0.177">
                     <properties>
[...]
</properties>
                     <testcase classname="mocks.LoginServiceTests" name="test login service" time="0.177">
                                                 
                                               </testcase>
                     <system-out></system-out>
                     <system-err></system-err>
                   </testsuite>